<?xml version="1.0" encoding="UTF-8"?>
<!-- Generated by org.testng.reporters.JUnitXMLReporter -->
<testsuite ignored="8" hostname="charanraj" failures="1" tests="24" name="All Tests" time="102.847" errors="0" timestamp="2025-09-18T20:11:02 GMT-04:00">
  <testcase classname="tests.SignUpTests" name="verifyEmptyFields" time="0.465"/>
  <testcase classname="tests.SignUpTests" name="verifyExistingEmail" time="1.386"/>
  <testcase classname="tests.SignUpTests" name="verifyInvalidEmailFormat" time="1.297"/>
  <testcase classname="tests.SignUpTests" name="verifyValidSignUp" time="0.775"/>
  <testcase classname="tests.LoginTests" name="verifyEmptyFields" time="0.676"/>
  <testcase classname="tests.LoginTests" name="verifyInvalidEmailFormat" time="1.017"/>
  <testcase classname="tests.LoginTests" name="verifyInvalidPassword" time="1.005"/>
  <testcase classname="tests.LoginTests" name="verifyValidLogin" time="0.988"/>
  <testcase classname="tests.AddEdidDeleteContactTests" name="verifyAddContact" time="2.112"/>
  <testcase classname="tests.AddEdidDeleteContactTests" name="verifyAddContactWithMissingRequiredFields" time="1.739"/>
  <testcase classname="tests.AddEdidDeleteContactTests" name="verifyAddingDuplicateContactDetails" time="2.107"/>
  <testcase classname="tests.AddEdidDeleteContactTests" name="verifyCancellingEdit" time="1.883"/>
  <testcase classname="tests.AddEdidDeleteContactTests" name="verifyDeleteContact" time="2.366"/>
  <testcase classname="tests.AddEdidDeleteContactTests" name="verifyEditContact" time="1.892"/>
  <testcase classname="tests.AddEdidDeleteContactTests" name="verifyEditValidation" time="0.794"/>
  <testcase classname="tests.AddEdidDeleteContactTests" name="verifyFormResetsAfterContactAdded" time="2.145"/>
  <testcase classname="tests.AddEdidDeleteContactTests" name="verifyOnlyNumericInputInPhoneField" time="1.395"/>
  <testcase classname="tests.ContactUIValidationTests" name="testMaxCharacterLimit" time="1.087"/>
  <testcase classname="tests.ContactUIValidationTests" name="verifyAlignmentOfFields" time="1.043"/>
  <testcase classname="tests.ContactUIValidationTests" name="verifyUnicodeAndEmojisInAddressField" time="1.231"/>
  <testcase classname="tests.SessionTests" name="verifyCannotAccessContactListAfterLogout" time="6.495">
    <failure type="org.openqa.selenium.TimeoutException" message="Expected condition failed: waiting for visibility of element located by By.xpath: //p[text()=&amp;apos;Log In:&amp;apos;] (tried for 5 second(s) with 500 milliseconds interval)
Build info: version: &amp;apos;4.21.0&amp;apos;, revision: &amp;apos;79ed462ef4&amp;apos;
System info: os.name: &amp;apos;Windows 11&amp;apos;, os.arch: &amp;apos;amd64&amp;apos;, os.version: &amp;apos;10.0&amp;apos;, java.version: &amp;apos;21.0.7&amp;apos;
Driver info: org.openqa.selenium.chrome.ChromeDriver
Capabilities {acceptInsecureCerts: false, browserName: chrome, browserVersion: 140.0.7339.128, chrome: {chromedriverVersion: 140.0.7339.185 (eeea00e459e..., userDataDir: C:\Users\yaazh\AppData\Loca...}, fedcm:accounts: true, goog:chromeOptions: {debuggerAddress: localhost:54751}, networkConnectionEnabled: false, pageLoadStrategy: normal, platformName: windows, proxy: Proxy(), se:cdp: ws://localhost:54751/devtoo..., se:cdpVersion: 140.0.7339.128, setWindowRect: true, strictFileInteractability: false, timeouts: {implicit: 0, pageLoad: 300000, script: 30000}, unhandledPromptBehavior: dismiss and notify, webauthn:extension:credBlob: true, webauthn:extension:largeBlob: true, webauthn:extension:minPinLength: true, webauthn:extension:prf: true, webauthn:virtualAuthenticators: true}
Session ID: 643f1ee224aec8d3f68b9c8a5a8c1d9d">
      <![CDATA[org.openqa.selenium.TimeoutException: Expected condition failed: waiting for visibility of element located by By.xpath: //p[text()='Log In:'] (tried for 5 second(s) with 500 milliseconds interval)
Build info: version: '4.21.0', revision: '79ed462ef4'
System info: os.name: 'Windows 11', os.arch: 'amd64', os.version: '10.0', java.version: '21.0.7'
Driver info: org.openqa.selenium.chrome.ChromeDriver
Capabilities {acceptInsecureCerts: false, browserName: chrome, browserVersion: 140.0.7339.128, chrome: {chromedriverVersion: 140.0.7339.185 (eeea00e459e..., userDataDir: C:\Users\yaazh\AppData\Loca...}, fedcm:accounts: true, goog:chromeOptions: {debuggerAddress: localhost:54751}, networkConnectionEnabled: false, pageLoadStrategy: normal, platformName: windows, proxy: Proxy(), se:cdp: ws://localhost:54751/devtoo..., se:cdpVersion: 140.0.7339.128, setWindowRect: true, strictFileInteractability: false, timeouts: {implicit: 0, pageLoad: 300000, script: 30000}, unhandledPromptBehavior: dismiss and notify, webauthn:extension:credBlob: true, webauthn:extension:largeBlob: true, webauthn:extension:minPinLength: true, webauthn:extension:prf: true, webauthn:virtualAuthenticators: true}
Session ID: 643f1ee224aec8d3f68b9c8a5a8c1d9d
at org.openqa.selenium.support.ui.WebDriverWait.timeoutException(WebDriverWait.java:84)
at org.openqa.selenium.support.ui.FluentWait.until(FluentWait.java:228)
at pages.ContactListPage.isLoginHeaderPresent(ContactListPage.java:74)
at tests.SessionTests.verifyCannotAccessContactListAfterLogout(SessionTests.java:85)
at java.base/java.util.ArrayList.forEach(ArrayList.java:1596)
... Removed 25 stack frames]]>
    </failure>
  </testcase> <!-- verifyCannotAccessContactListAfterLogout -->
  <testcase classname="tests.SessionTests" name="verifyLoginRequiredForContactList" time="0.169"/>
  <testcase classname="tests.SessionTests" name="verifyLoginStateOnRefresh" time="1.166"/>
  <testcase classname="tests.SessionTests" name="verifyLogout" time="1.823"/>
  <testcase classname="tests.BaseTest" name="@AfterSuite tearDownExtentReports" time="0.0">
    <ignored/>
  </testcase> <!-- @AfterSuite tearDownExtentReports -->
  <testcase classname="tests.BaseTest" name="@BeforeSuite setupExtentReports" time="0.0">
    <ignored/>
  </testcase> <!-- @BeforeSuite setupExtentReports -->
  <testcase classname="tests.BaseTest" name="@BeforeSuite setupExtentReports" time="0.0">
    <ignored/>
  </testcase> <!-- @BeforeSuite setupExtentReports -->
  <testcase classname="tests.BaseTest" name="@AfterSuite tearDownExtentReports" time="0.0">
    <ignored/>
  </testcase> <!-- @AfterSuite tearDownExtentReports -->
  <testcase classname="tests.BaseTest" name="@BeforeSuite setupExtentReports" time="0.0">
    <ignored/>
  </testcase> <!-- @BeforeSuite setupExtentReports -->
  <testcase classname="tests.BaseTest" name="@AfterSuite tearDownExtentReports" time="0.0">
    <ignored/>
  </testcase> <!-- @AfterSuite tearDownExtentReports -->
  <testcase classname="tests.BaseTest" name="@BeforeSuite setupExtentReports" time="0.0">
    <ignored/>
  </testcase> <!-- @BeforeSuite setupExtentReports -->
  <testcase classname="tests.BaseTest" name="@AfterSuite tearDownExtentReports" time="0.0">
    <ignored/>
  </testcase> <!-- @AfterSuite tearDownExtentReports -->
</testsuite> <!-- All Tests -->
